<?xml version="1.0" encoding="UTF-8"?>
<testng-results ignored="0" total="1" passed="1" failed="0" skipped="0">
  <reporter-output>
  </reporter-output>
  <suite started-at="2022-06-07T10:55:19 NPT" name="Default suite" finished-at="2022-06-07T10:55:20 NPT" duration-ms="1044">
    <groups>
    </groups>
    <test started-at="2022-06-07T10:55:19 NPT" name="Default test" finished-at="2022-06-07T10:55:20 NPT" duration-ms="1044">
      <class name="parsingComplexJSON.Scenario6">
        <test-method signature="SC6()[pri:0, instance:parsingComplexJSON.Scenario6@37654521]" started-at="2022-06-07T10:55:19 NPT" name="SC6" finished-at="2022-06-07T10:55:20 NPT" duration-ms="1012" status="PASS">
          <reporter-output>
          </reporter-output>
        </test-method> <!-- SC6 -->
      </class> <!-- parsingComplexJSON.Scenario6 -->
    </test> <!-- Default test -->
  </suite> <!-- Default suite -->
</testng-results>
